Processing Dutch
Overall -> 17.41 % N=1005 C=854 S=46 D=105 I=24
English -> 16.46 % N=990 C=845 S=43 D=102 I=18
Other -> 150.00 % N=4 C=4 S=0 D=0 I=6
Number -> 54.55 % N=11 C=5 S=3 D=3 I=0

===========================================================================
Processing German
Overall -> 14.93 % N=864 C=752 S=49 D=63 I=17
English -> 14.62 % N=855 C=745 S=48 D=62 I=15
Other -> 42.86 % N=7 C=6 S=1 D=0 I=2
Number -> 50.00 % N=2 C=1 S=0 D=1 I=0

===========================================================================
Processing Czech
Overall -> 14.85 % N=613 C=539 S=48 D=26 I=17
English -> 14.12 % N=602 C=531 S=45 D=26 I=14
Other -> 80.00 % N=5 C=4 S=1 D=0 I=3
Number -> 33.33 % N=6 C=4 S=2 D=0 I=0

===========================================================================
Processing Polish
Overall -> 20.10 % N=796 C=677 S=54 D=65 I=41
English -> 19.70 % N=792 C=673 S=54 D=65 I=37
Number -> 0.00 % N=3 C=3 S=0 D=0 I=0
Other -> 400.00 % N=1 C=1 S=0 D=0 I=4

===========================================================================
Processing French
Overall -> 16.65 % N=781 C=678 S=64 D=39 I=27
English -> 16.32 % N=772 C=670 S=63 D=39 I=24
Number -> 37.50 % N=8 C=7 S=1 D=0 I=2
Other -> 100.00 % N=1 C=1 S=0 D=0 I=1

===========================================================================
Processing Hungarian
Overall -> 14.93 % N=422 C=374 S=26 D=22 I=15
English -> 14.15 % N=417 C=372 S=25 D=20 I=14
Number -> 66.67 % N=3 C=1 S=1 D=1 I=0
Other -> 100.00 % N=2 C=1 S=0 D=1 I=1

===========================================================================
Processing Finnish
Overall -> 20.89 % N=292 C=240 S=15 D=37 I=9
English -> 20.69 % N=290 C=239 S=15 D=36 I=9
Number -> 0.00 % N=1 C=1 S=0 D=0 I=0
Other -> 100.00 % N=1 C=0 S=0 D=1 I=0

===========================================================================
Processing Romanian
Overall -> 17.10 % N=725 C=618 S=44 D=63 I=17
English -> 16.74 % N=717 C=612 S=43 D=62 I=15
Other -> 75.00 % N=4 C=3 S=0 D=1 I=2
Number -> 25.00 % N=4 C=3 S=1 D=0 I=0

===========================================================================
Processing Slovak
Overall -> 10.95 % N=411 C=379 S=15 D=17 I=13
English -> 9.70 % N=402 C=373 S=13 D=16 I=10
Number -> 33.33 % N=6 C=4 S=1 D=1 I=0
Other -> 133.33 % N=3 C=2 S=1 D=0 I=3

===========================================================================
Processing Spanish
Overall -> 19.53 % N=1147 C=960 S=68 D=119 I=37
English -> 19.77 % N=1128 C=942 S=68 D=118 I=37
Number -> 6.25 % N=16 C=15 S=0 D=1 I=0
Other -> 0.00 % N=3 C=3 S=0 D=0 I=0

===========================================================================
Processing Italian
Overall -> 15.06 % N=830 C=723 S=55 D=52 I=18
English -> 14.58 % N=823 C=719 S=52 D=52 I=16
Number -> 66.67 % N=3 C=2 S=1 D=0 I=1
Other -> 75.00 % N=4 C=2 S=2 D=0 I=1

===========================================================================
Processing Estonian
Overall -> 12.69 % N=323 C=294 S=17 D=12 I=12
English -> 12.23 % N=319 C=290 S=17 D=12 I=10
Other -> 100.00 % N=2 C=2 S=0 D=0 I=2
Number -> 0.00 % N=2 C=2 S=0 D=0 I=0

===========================================================================
Processing Lithuanian
===========================================================================

Overall -> 5.41 % N=37 C=35 S=2 D=0 I=0
English -> 5.41 % N=37 C=35 S=2 D=0 I=0

===========================================================================
Processing Croatian

Overall -> 34.55 % N=55 C=41 S=11 D=3 I=5
English -> 35.19 % N=54 C=40 S=11 D=3 I=5
Number -> 0.00 % N=1 C=1 S=0 D=0 I=0

===========================================================================
Processing Slovene
===========================================================================

Overall -> 15.15 % N=33 C=28 S=2 D=3 I=0
English -> 15.15 % N=33 C=28 S=2 D=3 I=0

===========================================================================
Processing English
Overall -> 6.31 % N=3644 C=3509 S=85 D=50 I=95
English -> 6.31 % N=3629 C=3495 S=84 D=50 I=95
Number -> 11.11 % N=9 C=8 S=1 D=0 I=0
Other -> 0.00 % N=6 C=6 S=0 D=0 I=0

===========================================================================
Processing Scottish
Overall -> 4.63 % N=2201 C=2108 S=64 D=29 I=9
English -> 4.66 % N=2189 C=2096 S=64 D=29 I=9
Other -> 0.00 % N=6 C=6 S=0 D=0 I=0
Number -> 0.00 % N=6 C=6 S=0 D=0 I=0

===========================================================================
Processing Irish
Overall -> 12.10 % N=1727 C=1540 S=76 D=111 I=22
English -> 12.06 % N=1717 C=1530 S=76 D=111 I=20
Number -> 0.00 % N=6 C=6 S=0 D=0 I=0
Other -> 50.00 % N=4 C=4 S=0 D=0 I=2

===========================================================================
Processing NorthernIrish
Overall -> 2.78 % N=540 C=527 S=8 D=5 I=2
English -> 2.80 % N=536 C=523 S=8 D=5 I=2
Number -> 0.00 % N=3 C=3 S=0 D=0 I=0
Other -> 0.00 % N=1 C=1 S=0 D=0 I=0

===========================================================================
Processing Indian
Overall -> 11.65 % N=1562 C=1392 S=73 D=97 I=12
English -> 11.51 % N=1538 C=1372 S=70 D=96 I=11
Other -> 0.00 % N=7 C=7 S=0 D=0 I=0
Number -> 29.41 % N=17 C=13 S=3 D=1 I=1

===========================================================================
Processing Vietnamese
Overall -> 26.69 % N=517 C=387 S=28 D=102 I=8
English -> 26.72 % N=509 C=381 S=28 D=100 I=8
Number -> 28.57 % N=7 C=5 S=0 D=2 I=0
Other -> 0.00 % N=1 C=1 S=0 D=0 I=0

===========================================================================
Processing Canadian

Overall -> 2.18 % N=643 C=629 S=9 D=5 I=0
English -> 2.18 % N=641 C=627 S=9 D=5 I=0
Number -> 0.00 % N=2 C=2 S=0 D=0 I=0

===========================================================================
Processing American
Overall -> 1.68 % N=2086 C=2056 S=15 D=15 I=5
English -> 1.69 % N=2072 C=2042 S=15 D=15 I=5
Number -> 0.00 % N=10 C=10 S=0 D=0 I=0
Other -> 0.00 % N=4 C=4 S=0 D=0 I=0

===========================================================================
