Processing Dutch
Overall -> 17.91 % N=1005 C=848 S=51 D=106 I=23
English -> 16.77 % N=990 C=839 S=48 D=103 I=15
Other -> 200.00 % N=4 C=4 S=0 D=0 I=8
Number -> 54.55 % N=11 C=5 S=3 D=3 I=0

===========================================================================
Processing German
Overall -> 18.17 % N=864 C=716 S=54 D=94 I=9
English -> 18.13 % N=855 C=708 S=53 D=94 I=8
Other -> 28.57 % N=7 C=6 S=1 D=0 I=1
Number -> 0.00 % N=2 C=2 S=0 D=0 I=0

===========================================================================
Processing Czech
Overall -> 19.74 % N=613 C=512 S=50 D=51 I=20
English -> 19.44 % N=602 C=503 S=49 D=50 I=18
Other -> 60.00 % N=5 C=4 S=0 D=1 I=2
Number -> 16.67 % N=6 C=5 S=1 D=0 I=0

===========================================================================
Processing Polish
Overall -> 18.59 % N=796 C=687 S=49 D=60 I=39
English -> 17.80 % N=792 C=683 S=49 D=60 I=32
Number -> 0.00 % N=3 C=3 S=0 D=0 I=0
Other -> 700.00 % N=1 C=1 S=0 D=0 I=7

===========================================================================
Processing French
Overall -> 22.02 % N=781 C=631 S=77 D=73 I=22
English -> 21.37 % N=772 C=624 S=75 D=73 I=17
Number -> 50.00 % N=8 C=6 S=2 D=0 I=2
Other -> 300.00 % N=1 C=1 S=0 D=0 I=3

===========================================================================
Processing Hungarian
Overall -> 18.25 % N=422 C=358 S=28 D=36 I=13
English -> 16.79 % N=417 C=356 S=27 D=34 I=9
Number -> 66.67 % N=3 C=1 S=1 D=1 I=0
Other -> 250.00 % N=2 C=1 S=0 D=1 I=4

===========================================================================
Processing Finnish
Overall -> 14.73 % N=292 C=261 S=17 D=14 I=12
English -> 14.48 % N=290 C=259 S=17 D=14 I=11
Other -> 100.00 % N=1 C=1 S=0 D=0 I=1
Number -> 0.00 % N=1 C=1 S=0 D=0 I=0

===========================================================================
Processing Romanian
Overall -> 17.79 % N=725 C=617 S=37 D=71 I=21
English -> 17.43 % N=717 C=610 S=36 D=71 I=18
Other -> 75.00 % N=4 C=4 S=0 D=0 I=3
Number -> 25.00 % N=4 C=3 S=1 D=0 I=0

===========================================================================
Processing Slovak
Overall -> 20.68 % N=411 C=356 S=17 D=38 I=30
English -> 19.40 % N=402 C=349 S=16 D=37 I=25
Number -> 33.33 % N=6 C=4 S=1 D=1 I=0
Other -> 166.67 % N=3 C=3 S=0 D=0 I=5

===========================================================================
Processing Spanish
Overall -> 19.62 % N=1147 C=955 S=67 D=125 I=33
English -> 19.33 % N=1128 C=939 S=67 D=122 I=29
Other -> 133.33 % N=3 C=3 S=0 D=0 I=4
Number -> 18.75 % N=16 C=13 S=0 D=3 I=0

===========================================================================
Processing Italian
Overall -> 16.63 % N=830 C=715 S=47 D=68 I=23
English -> 16.04 % N=823 C=710 S=45 D=68 I=19
Number -> 33.33 % N=3 C=3 S=0 D=0 I=1
Other -> 125.00 % N=4 C=2 S=2 D=0 I=3

===========================================================================
Processing Estonian
Overall -> 15.48 % N=323 C=287 S=19 D=17 I=14
English -> 14.42 % N=319 C=283 S=19 D=17 I=10
Other -> 200.00 % N=2 C=2 S=0 D=0 I=4
Number -> 0.00 % N=2 C=2 S=0 D=0 I=0

===========================================================================
Processing Lithuanian
===========================================================================

Overall -> 5.41 % N=37 C=35 S=2 D=0 I=0
English -> 5.41 % N=37 C=35 S=2 D=0 I=0

===========================================================================
Processing Croatian

Overall -> 30.91 % N=55 C=41 S=9 D=5 I=3
English -> 31.48 % N=54 C=40 S=9 D=5 I=3
Number -> 0.00 % N=1 C=1 S=0 D=0 I=0

===========================================================================
Processing Slovene

Overall -> 15.15 % N=33 C=29 S=1 D=3 I=1
English -> 12.12 % N=33 C=29 S=1 D=3 I=0
Other -> 0.00 % N=0 C=0 S=0 D=0 I=1

===========================================================================
Processing English
Overall -> 5.52 % N=3644 C=3552 S=54 D=38 I=109
English -> 5.48 % N=3629 C=3538 S=53 D=38 I=108
Other -> 16.67 % N=6 C=6 S=0 D=0 I=1
Number -> 11.11 % N=9 C=8 S=1 D=0 I=0

===========================================================================
Processing Scottish
Overall -> 3.77 % N=2201 C=2126 S=47 D=28 I=8
English -> 3.79 % N=2189 C=2114 S=47 D=28 I=8
Other -> 0.00 % N=6 C=6 S=0 D=0 I=0
Number -> 0.00 % N=6 C=6 S=0 D=0 I=0

===========================================================================
Processing Irish
Overall -> 9.61 % N=1727 C=1578 S=52 D=97 I=17
English -> 9.61 % N=1717 C=1568 S=52 D=97 I=16
Number -> 0.00 % N=6 C=6 S=0 D=0 I=0
Other -> 25.00 % N=4 C=4 S=0 D=0 I=1

===========================================================================
Processing NorthernIrish
Overall -> 2.78 % N=540 C=525 S=10 D=5 I=0
English -> 2.80 % N=536 C=521 S=10 D=5 I=0
Number -> 0.00 % N=3 C=3 S=0 D=0 I=0
Other -> 0.00 % N=1 C=1 S=0 D=0 I=0

===========================================================================
Processing Indian
Overall -> 9.48 % N=1562 C=1424 S=54 D=84 I=10
English -> 9.36 % N=1538 C=1403 S=52 D=83 I=9
Other -> 0.00 % N=7 C=7 S=0 D=0 I=0
Number -> 23.53 % N=17 C=14 S=2 D=1 I=1

===========================================================================
Processing Vietnamese
Overall -> 23.40 % N=517 C=403 S=25 D=89 I=7
English -> 23.58 % N=509 C=396 S=25 D=88 I=7
Number -> 14.29 % N=7 C=6 S=0 D=1 I=0
Other -> 0.00 % N=1 C=1 S=0 D=0 I=0

===========================================================================
Processing Canadian

Overall -> 2.02 % N=643 C=630 S=8 D=5 I=0
English -> 2.03 % N=641 C=628 S=8 D=5 I=0
Number -> 0.00 % N=2 C=2 S=0 D=0 I=0

===========================================================================
Processing American
Overall -> 1.68 % N=2086 C=2056 S=15 D=15 I=5
English -> 1.69 % N=2072 C=2042 S=15 D=15 I=5
Number -> 0.00 % N=10 C=10 S=0 D=0 I=0
Other -> 0.00 % N=4 C=4 S=0 D=0 I=0

===========================================================================
