Processing Dutch
Overall -> 14.27 % N=1030 C=914 S=65 D=51 I=31
English -> 13.30 % N=1015 C=903 S=64 D=48 I=23
Other -> 200.00 % N=4 C=4 S=0 D=0 I=8
Number -> 36.36 % N=11 C=7 S=1 D=3 I=0

===========================================================================
Processing German
Overall -> 18.95 % N=897 C=756 S=85 D=56 I=29
English -> 18.49 % N=887 C=749 S=82 D=56 I=26
Number -> 0.00 % N=2 C=2 S=0 D=0 I=0
Other -> 75.00 % N=8 C=5 S=3 D=0 I=3

===========================================================================
Processing Czech
Overall -> 18.63 % N=644 C=545 S=70 D=29 I=21
English -> 17.69 % N=633 C=537 S=67 D=29 I=16
Other -> 140.00 % N=5 C=3 S=2 D=0 I=5
Number -> 16.67 % N=6 C=5 S=1 D=0 I=0

===========================================================================
Processing Polish
Overall -> 23.07 % N=841 C=705 S=86 D=50 I=58
English -> 22.70 % N=837 C=701 S=86 D=50 I=54
Number -> 0.00 % N=3 C=3 S=0 D=0 I=0
Other -> 400.00 % N=1 C=1 S=0 D=0 I=4

===========================================================================
Processing French
Overall -> 17.49 % N=829 C=728 S=79 D=22 I=44
English -> 16.71 % N=820 C=721 S=78 D=21 I=38
Number -> 50.00 % N=8 C=6 S=1 D=1 I=2
Other -> 400.00 % N=1 C=1 S=0 D=0 I=4

===========================================================================
Processing Hungarian
Overall -> 17.10 % N=462 C=405 S=36 D=21 I=22
English -> 16.48 % N=455 C=399 S=35 D=21 I=19
Number -> 50.00 % N=4 C=3 S=1 D=0 I=1
Other -> 66.67 % N=3 C=3 S=0 D=0 I=2

===========================================================================
Processing Finnish
Overall -> 17.98 % N=317 C=275 S=28 D=14 I=15
English -> 18.10 % N=315 C=273 S=28 D=14 I=15
Number -> 0.00 % N=1 C=1 S=0 D=0 I=0
Other -> 0.00 % N=1 C=1 S=0 D=0 I=0

===========================================================================
Processing Romanian
Overall -> 20.47 % N=767 C=626 S=78 D=63 I=16
English -> 20.42 % N=759 C=620 S=76 D=63 I=16
Other -> 25.00 % N=4 C=3 S=1 D=0 I=0
Number -> 25.00 % N=4 C=3 S=1 D=0 I=0

===========================================================================
Processing Slovak
Overall -> 14.32 % N=440 C=390 S=39 D=11 I=13
English -> 13.92 % N=431 C=383 S=38 D=10 I=12
Number -> 33.33 % N=6 C=4 S=1 D=1 I=0
Other -> 33.33 % N=3 C=3 S=0 D=0 I=1

===========================================================================
Processing Spanish
Overall -> 30.99 % N=1181 C=894 S=176 D=111 I=79
English -> 31.41 % N=1162 C=876 S=176 D=110 I=79
Number -> 6.25 % N=16 C=15 S=0 D=1 I=0
Other -> 0.00 % N=3 C=3 S=0 D=0 I=0

===========================================================================
Processing Italian
Overall -> 16.04 % N=873 C=756 S=75 D=42 I=23
English -> 15.94 % N=866 C=749 S=75 D=42 I=21
Number -> 0.00 % N=3 C=3 S=0 D=0 I=0
Other -> 50.00 % N=4 C=4 S=0 D=0 I=2

===========================================================================
Processing Estonian
Overall -> 16.87 % N=332 C=294 S=26 D=12 I=18
English -> 15.85 % N=328 C=290 S=26 D=12 I=14
Other -> 200.00 % N=2 C=2 S=0 D=0 I=4
Number -> 0.00 % N=2 C=2 S=0 D=0 I=0

===========================================================================
Processing Lithuanian

Overall -> 4.00 % N=50 C=49 S=1 D=0 I=1
English -> 4.00 % N=50 C=49 S=1 D=0 I=1
Other -> 0.00 % N=0 C=0 S=0 D=0 I=0

===========================================================================
Processing Croatian
Overall -> 29.55 % N=88 C=70 S=12 D=6 I=8
English -> 30.23 % N=86 C=68 S=12 D=6 I=8
Number -> 0.00 % N=2 C=2 S=0 D=0 I=0
Other -> 0.00 % N=0 C=0 S=0 D=0 I=0

===========================================================================
Processing Slovene

Overall -> 12.12 % N=66 C=58 S=2 D=6 I=0
English -> 12.12 % N=66 C=58 S=2 D=6 I=0
Other -> 0.00 % N=0 C=0 S=0 D=0 I=0

===========================================================================
Processing English
Overall -> 12.33 % N=3657 C=3327 S=262 D=68 I=121
English -> 12.33 % N=3642 C=3313 S=261 D=68 I=120
Other -> 16.67 % N=6 C=6 S=0 D=0 I=1
Number -> 11.11 % N=9 C=8 S=1 D=0 I=0

===========================================================================
Processing Scottish
Overall -> 10.65 % N=2206 C=2002 S=163 D=41 I=31
English -> 10.67 % N=2194 C=1991 S=163 D=40 I=31
Other -> 16.67 % N=6 C=5 S=0 D=1 I=0
Number -> 0.00 % N=6 C=6 S=0 D=0 I=0

===========================================================================
Processing Irish
Overall -> 18.14 % N=1731 C=1454 S=177 D=100 I=37
English -> 18.13 % N=1721 C=1445 S=177 D=99 I=36
Number -> 16.67 % N=6 C=5 S=0 D=1 I=0
Other -> 25.00 % N=4 C=4 S=0 D=0 I=1

===========================================================================
Processing NorthernIrish
Overall -> 7.89 % N=545 C=507 S=27 D=11 I=5
English -> 7.95 % N=541 C=503 S=27 D=11 I=5
Number -> 0.00 % N=3 C=3 S=0 D=0 I=0
Other -> 0.00 % N=1 C=1 S=0 D=0 I=0

===========================================================================
Processing Indian
Overall -> 17.50 % N=1571 C=1321 S=158 D=92 I=25
English -> 17.26 % N=1547 C=1304 S=152 D=91 I=24
Other -> 14.29 % N=7 C=6 S=1 D=0 I=0
Number -> 41.18 % N=17 C=11 S=5 D=1 I=1

===========================================================================
Processing Vietnamese
Overall -> 35.71 % N=532 C=363 S=84 D=85 I=21
English -> 35.69 % N=524 C=358 S=83 D=83 I=21
Number -> 42.86 % N=7 C=4 S=1 D=2 I=0
Other -> 0.00 % N=1 C=1 S=0 D=0 I=0

===========================================================================
Processing Canadian
Overall -> 5.86 % N=649 C=618 S=26 D=5 I=7
English -> 5.87 % N=647 C=616 S=26 D=5 I=7
Number -> 0.00 % N=2 C=2 S=0 D=0 I=0
Other -> 0.00 % N=0 C=0 S=0 D=0 I=0

===========================================================================
Processing American
Overall -> 4.55 % N=2090 C=2014 S=58 D=18 I=19
English -> 4.58 % N=2076 C=2000 S=58 D=18 I=19
Number -> 0.00 % N=10 C=10 S=0 D=0 I=0
Other -> 0.00 % N=4 C=4 S=0 D=0 I=0

===========================================================================
