Processing Dutch
Overall -> 17.51 % N=1005 C=857 S=50 D=98 I=28
English -> 15.86 % N=990 C=848 S=47 D=95 I=15
Other -> 325.00 % N=4 C=4 S=0 D=0 I=13
Number -> 54.55 % N=11 C=5 S=3 D=3 I=0

===========================================================================
Processing German
Overall -> 14.70 % N=864 C=748 S=57 D=59 I=11
English -> 13.92 % N=855 C=740 S=56 D=59 I=4
Other -> 114.29 % N=7 C=6 S=1 D=0 I=7
Number -> 0.00 % N=2 C=2 S=0 D=0 I=0

===========================================================================
Processing Czech
Overall -> 18.60 % N=613 C=521 S=50 D=42 I=22
English -> 17.44 % N=602 C=512 S=49 D=41 I=15
Other -> 160.00 % N=5 C=4 S=0 D=1 I=7
Number -> 16.67 % N=6 C=5 S=1 D=0 I=0

===========================================================================
Processing Polish
Overall -> 19.10 % N=796 C=685 S=55 D=56 I=41
English -> 18.18 % N=792 C=681 S=55 D=56 I=33
Number -> 0.00 % N=3 C=3 S=0 D=0 I=0
Other -> 800.00 % N=1 C=1 S=0 D=0 I=8

===========================================================================
Processing French
Overall -> 23.30 % N=781 C=621 S=63 D=97 I=22
English -> 22.54 % N=772 C=614 S=62 D=96 I=16
Other -> 500.00 % N=1 C=1 S=0 D=0 I=5
Number -> 37.50 % N=8 C=6 S=1 D=1 I=1

===========================================================================
Processing Hungarian
Overall -> 17.30 % N=422 C=365 S=28 D=29 I=16
English -> 15.59 % N=417 C=363 S=27 D=27 I=11
Number -> 66.67 % N=3 C=1 S=1 D=1 I=0
Other -> 300.00 % N=2 C=1 S=0 D=1 I=5

===========================================================================
Processing Finnish
Overall -> 12.33 % N=292 C=268 S=14 D=10 I=12
English -> 11.72 % N=290 C=266 S=14 D=10 I=10
Other -> 200.00 % N=1 C=1 S=0 D=0 I=2
Number -> 0.00 % N=1 C=1 S=0 D=0 I=0

===========================================================================
Processing Romanian
Overall -> 16.28 % N=725 C=623 S=36 D=66 I=16
English -> 15.62 % N=717 C=616 S=35 D=66 I=11
Other -> 125.00 % N=4 C=4 S=0 D=0 I=5
Number -> 25.00 % N=4 C=3 S=1 D=0 I=0

===========================================================================
Processing Slovak
Overall -> 20.19 % N=411 C=346 S=20 D=45 I=18
English -> 18.16 % N=402 C=340 S=18 D=44 I=11
Number -> 33.33 % N=6 C=4 S=1 D=1 I=0
Other -> 266.67 % N=3 C=2 S=1 D=0 I=7

===========================================================================
Processing Spanish
Overall -> 22.67 % N=1147 C=921 S=58 D=168 I=34
English -> 22.43 % N=1128 C=905 S=58 D=165 I=30
Number -> 18.75 % N=16 C=13 S=0 D=3 I=0
Other -> 133.33 % N=3 C=3 S=0 D=0 I=4

===========================================================================
Processing Italian
Overall -> 17.35 % N=830 C=715 S=54 D=61 I=29
English -> 16.77 % N=823 C=710 S=52 D=61 I=25
Number -> 33.33 % N=3 C=3 S=0 D=0 I=1
Other -> 125.00 % N=4 C=2 S=2 D=0 I=3

===========================================================================
Processing Estonian
Overall -> 24.77 % N=323 C=257 S=19 D=47 I=14
English -> 24.14 % N=319 C=253 S=19 D=47 I=11
Other -> 150.00 % N=2 C=2 S=0 D=0 I=3
Number -> 0.00 % N=2 C=2 S=0 D=0 I=0

===========================================================================
Processing Lithuanian

Overall -> 8.11 % N=37 C=35 S=2 D=0 I=1
English -> 5.41 % N=37 C=35 S=2 D=0 I=0
Other -> 0.00 % N=0 C=0 S=0 D=0 I=1

===========================================================================
Processing Croatian

Overall -> 32.73 % N=55 C=42 S=9 D=4 I=5
English -> 33.33 % N=54 C=41 S=9 D=4 I=5
Number -> 0.00 % N=1 C=1 S=0 D=0 I=0

===========================================================================
Processing Slovene

Overall -> 15.15 % N=33 C=29 S=1 D=3 I=1
English -> 12.12 % N=33 C=29 S=1 D=3 I=0
Other -> 0.00 % N=0 C=0 S=0 D=0 I=1

===========================================================================
Processing English
Overall -> 4.97 % N=3644 C=3560 S=46 D=38 I=97
English -> 4.96 % N=3629 C=3545 S=46 D=38 I=96
Number -> 11.11 % N=9 C=9 S=0 D=0 I=1
Other -> 0.00 % N=6 C=6 S=0 D=0 I=0

===========================================================================
Processing Scottish
Overall -> 3.82 % N=2201 C=2124 S=46 D=31 I=7
English -> 3.79 % N=2189 C=2112 S=46 D=31 I=6
Other -> 16.67 % N=6 C=6 S=0 D=0 I=1
Number -> 0.00 % N=6 C=6 S=0 D=0 I=0

===========================================================================
Processing Irish
Overall -> 7.18 % N=1727 C=1613 S=37 D=77 I=10
English -> 7.22 % N=1717 C=1603 S=37 D=77 I=10
Number -> 0.00 % N=6 C=6 S=0 D=0 I=0
Other -> 0.00 % N=4 C=4 S=0 D=0 I=0

===========================================================================
Processing NorthernIrish
Overall -> 1.67 % N=540 C=533 S=3 D=4 I=2
English -> 1.49 % N=536 C=529 S=3 D=4 I=1
Number -> 0.00 % N=3 C=3 S=0 D=0 I=0
Other -> 100.00 % N=1 C=1 S=0 D=0 I=1

===========================================================================
Processing Indian
Overall -> 7.75 % N=1562 C=1446 S=37 D=79 I=5
English -> 7.54 % N=1538 C=1425 S=35 D=78 I=3
Other -> 14.29 % N=7 C=7 S=0 D=0 I=1
Number -> 23.53 % N=17 C=14 S=2 D=1 I=1

===========================================================================
Processing Vietnamese
Overall -> 18.18 % N=517 C=430 S=26 D=61 I=7
English -> 18.27 % N=509 C=423 S=26 D=60 I=7
Number -> 14.29 % N=7 C=6 S=0 D=1 I=0
Other -> 0.00 % N=1 C=1 S=0 D=0 I=0

===========================================================================
Processing Canadian

Overall -> 2.02 % N=643 C=630 S=8 D=5 I=0
English -> 2.03 % N=641 C=628 S=8 D=5 I=0
Number -> 0.00 % N=2 C=2 S=0 D=0 I=0

===========================================================================
Processing American
Overall -> 1.49 % N=2086 C=2059 S=12 D=15 I=4
English -> 1.50 % N=2072 C=2045 S=12 D=15 I=4
Number -> 0.00 % N=10 C=10 S=0 D=0 I=0
Other -> 0.00 % N=4 C=4 S=0 D=0 I=0

===========================================================================
